The system is: Windows - 10.0.22621 - AMD64
Compiling the C compiler identification source file "CMakeCCompilerId.c" succeeded.
Compiler:  
Build flags: 
Id flags:  

The output was:
0
MSBuild version 17.3.0+f67e3d35e for .NET Framework
Build started 11/6/2022 5:55:31 PM.
Project "C:\Dev\Students\CH19\Abish.Neelakanta\OpenGL Model Rendering\Libraries\glfw-3.3.8\build\CMakeFiles\3.25.0-rc3\CompilerIdC\CompilerIdC.vcxproj" on node 1 (default targets).
PrepareForBuild:
  Creating directory "Debug\".
  Creating directory "Debug\CompilerIdC.tlog\".
InitializeBuildStatus:
  Creating "Debug\CompilerIdC.tlog\unsuccessfulbuild" because "AlwaysCreate" was specified.
VcpkgTripletSelection:
  Using triplet "x64-windows" from "C:\Dev\Students\CH19\Abish.Neelakanta\vcpkg\installed\x64-windows\"
  Using normalized configuration "Release"
ClCompile:
  C:\Program Files\Microsoft Visual Studio\2022\Enterprise\VC\Tools\MSVC\14.33.31629\bin\HostX64\x64\CL.exe /c /I"C:\Dev\Students\CH19\Abish.Neelakanta\vcpkg\installed\x64-windows\include" /nologo /W0 /WX- /diagnostics:column /Od /D _MBCS /Gm- /EHsc /RTC1 /MDd /GS /fp:precise /Zc:wchar_t /Zc:forScope /Zc:inline /Fo"Debug\\" /Fd"Debug\vc143.pdb" /external:W0 /Gd /TC /FC /errorReport:queue CMakeCCompilerId.c
  CMakeCCompilerId.c
Link:
  C:\Program Files\Microsoft Visual Studio\2022\Enterprise\VC\Tools\MSVC\14.33.31629\bin\HostX64\x64\link.exe /ERRORREPORT:QUEUE /OUT:".\CompilerIdC.exe" /INCREMENTAL:NO /NOLOGO /LIBPATH:"C:\Dev\Students\CH19\Abish.Neelakanta\vcpkg\installed\x64-windows\lib" /LIBPATH:"C:\Dev\Students\CH19\Abish.Neelakanta\vcpkg\installed\x64-windows\lib\manual-link" kernel32.lib user32.lib gdi32.lib winspool.lib comdlg32.lib advapi32.lib shell32.lib ole32.lib oleaut32.lib uuid.lib odbc32.lib odbccp32.lib "C:\Dev\Students\CH19\Abish.Neelakanta\vcpkg\installed\x64-windows\lib\*.lib" /MANIFEST /MANIFESTUAC:"level='asInvoker' uiAccess='false'" /manifest:embed /PDB:".\CompilerIdC.pdb" /SUBSYSTEM:CONSOLE /TLBID:1 /DYNAMICBASE /NXCOMPAT /IMPLIB:".\CompilerIdC.lib" /MACHINE:X64 Debug\CMakeCCompilerId.obj
  CompilerIdC.vcxproj -> C:\Dev\Students\CH19\Abish.Neelakanta\OpenGL Model Rendering\Libraries\glfw-3.3.8\build\CMakeFiles\3.25.0-rc3\CompilerIdC\CompilerIdC.exe
AppLocalFromInstalled:
  pwsh.exe -ExecutionPolicy Bypass -noprofile -File "C:\Dev\Students\CH19\Abish.Neelakanta\vcpkg\scripts\buildsystems\msbuild\applocal.ps1" "C:\Dev\Students\CH19\Abish.Neelakanta\OpenGL Model Rendering\Libraries\glfw-3.3.8\build\CMakeFiles\3.25.0-rc3\CompilerIdC\CompilerIdC.exe" "C:\Dev\Students\CH19\Abish.Neelakanta\vcpkg\installed\x64-windows\bin" "Debug\CompilerIdC.tlog\CompilerIdC.write.1u.tlog" "Debug\vcpkg.applocal.log"
  'pwsh.exe' is not recognized as an internal or external command,
  operable program or batch file.
  The command "pwsh.exe -ExecutionPolicy Bypass -noprofile -File "C:\Dev\Students\CH19\Abish.Neelakanta\vcpkg\scripts\buildsystems\msbuild\applocal.ps1" "C:\Dev\Students\CH19\Abish.Neelakanta\OpenGL Model Rendering\Libraries\glfw-3.3.8\build\CMakeFiles\3.25.0-rc3\CompilerIdC\CompilerIdC.exe" "C:\Dev\Students\CH19\Abish.Neelakanta\vcpkg\installed\x64-windows\bin" "Debug\CompilerIdC.tlog\CompilerIdC.write.1u.tlog" "Debug\vcpkg.applocal.log"" exited with code 9009.
  "C:\WINDOWS\System32\WindowsPowerShell\v1.0\powershell.exe" -ExecutionPolicy Bypass -noprofile -File "C:\Dev\Students\CH19\Abish.Neelakanta\vcpkg\scripts\buildsystems\msbuild\applocal.ps1" "C:\Dev\Students\CH19\Abish.Neelakanta\OpenGL Model Rendering\Libraries\glfw-3.3.8\build\CMakeFiles\3.25.0-rc3\CompilerIdC\CompilerIdC.exe" "C:\Dev\Students\CH19\Abish.Neelakanta\vcpkg\installed\x64-windows\bin" "Debug\CompilerIdC.tlog\CompilerIdC.write.1u.tlog" "Debug\vcpkg.applocal.log"
PostBuildEvent:
  for %%i in (cl.exe) do @echo CMAKE_C_COMPILER=%%~$PATH:i
  :VCEnd
  CMAKE_C_COMPILER=C:\Program Files\Microsoft Visual Studio\2022\Enterprise\VC\Tools\MSVC\14.33.31629\bin\Hostx64\x64\cl.exe
FinalizeBuildStatus:
  Deleting file "Debug\CompilerIdC.tlog\unsuccessfulbuild".
  Touching "Debug\CompilerIdC.tlog\CompilerIdC.lastbuildstate".
Done Building Project "C:\Dev\Students\CH19\Abish.Neelakanta\OpenGL Model Rendering\Libraries\glfw-3.3.8\build\CMakeFiles\3.25.0-rc3\CompilerIdC\CompilerIdC.vcxproj" (default targets).

Build succeeded.
    0 Warning(s)
    0 Error(s)

Time Elapsed 00:00:01.78


Compilation of the C compiler identification source "CMakeCCompilerId.c" produced "CompilerIdC.exe"

Compilation of the C compiler identification source "CMakeCCompilerId.c" produced "CompilerIdC.vcxproj"

The C compiler identification is MSVC, found in "C:/Dev/Students/CH19/Abish.Neelakanta/OpenGL Model Rendering/Libraries/glfw-3.3.8/build/CMakeFiles/3.25.0-rc3/CompilerIdC/CompilerIdC.exe"

Detecting C compiler ABI info compiled with the following output:
Change Dir: C:/Dev/Students/CH19/Abish.Neelakanta/OpenGL Model Rendering/Libraries/glfw-3.3.8/build/CMakeFiles/CMakeScratch/TryCompile-y6tr1q

Run Build Command(s):C:/Program Files/Microsoft Visual Studio/2022/Enterprise/MSBuild/Current/Bin/amd64/MSBuild.exe cmTC_0ab1a.vcxproj /p:Configuration=Debug /p:Platform=x64 /p:VisualStudioVersion=17.0 /v:m && MSBuild version 17.3.0+f67e3d35e for .NET Framework
  Microsoft (R) C/C++ Optimizing Compiler Version 19.33.31629 for x64
  CMakeCCompilerABI.c
  Copyright (C) Microsoft Corporation.  All rights reserved.
  cl /c /I"C:\Dev\Students\CH19\Abish.Neelakanta\vcpkg\installed\x64-windows\include" /Zi /W1 /WX- /diagnostics:column /Od /Ob0 /D _MBCS /D WIN32 /D _WINDOWS /D "CMAKE_INTDIR=\"Debug\"" /Gm- /RTC1 /MDd /GS /fp:precise /Zc:wchar_t /Zc:forScope /Zc:inline /Fo"cmTC_0ab1a.dir\Debug\\" /Fd"cmTC_0ab1a.dir\Debug\vc143.pdb" /external:W1 /Gd /TC /errorReport:queue "C:\Program Files\CMake\share\cmake-3.25\Modules\CMakeCCompilerABI.c"
  cmTC_0ab1a.vcxproj -> C:\Dev\Students\CH19\Abish.Neelakanta\OpenGL Model Rendering\Libraries\glfw-3.3.8\build\CMakeFiles\CMakeScratch\TryCompile-y6tr1q\Debug\cmTC_0ab1a.exe



