Performing C SOURCE FILE Test CMAKE_HAVE_LIBC_PTHREAD failed with the following output:
Change Dir: C:/Dev/Students/CH19/Abish.Neelakanta/OpenGL Model Rendering/Libraries/glfw-3.3.8/build/CMakeFiles/CMakeScratch/TryCompile-g0rr0k

Run Build Command(s):C:/Program Files/Microsoft Visual Studio/2022/Enterprise/MSBuild/Current/Bin/amd64/MSBuild.exe cmTC_136ea.vcxproj /p:Configuration=Debug /p:Platform=x64 /p:VisualStudioVersion=17.0 /v:m && MSBuild version 17.3.0+f67e3d35e for .NET Framework
  Microsoft (R) C/C++ Optimizing Compiler Version 19.33.31629 for x64
  src.c
  Copyright (C) Microsoft Corporation.  All rights reserved.
  cl /c /I"C:\Dev\Students\CH19\Abish.Neelakanta\vcpkg\installed\x64-windows\include" /Zi /W1 /WX- /diagnostics:column /Od /Ob0 /D _MBCS /D WIN32 /D _WINDOWS /D CMAKE_HAVE_LIBC_PTHREAD /D "CMAKE_INTDIR=\"Debug\"" /Gm- /RTC1 /MDd /GS /fp:precise /Zc:wchar_t /Zc:forScope /Zc:inline /Fo"cmTC_136ea.dir\Debug\\" /Fd"cmTC_136ea.dir\Debug\vc143.pdb" /external:W1 /Gd /TC /errorReport:queue "C:\Dev\Students\CH19\Abish.Neelakanta\OpenGL Model Rendering\Libraries\glfw-3.3.8\build\CMakeFiles\CMakeScratch\TryCompile-g0rr0k\src.c"
C:\Dev\Students\CH19\Abish.Neelakanta\OpenGL Model Rendering\Libraries\glfw-3.3.8\build\CMakeFiles\CMakeScratch\TryCompile-g0rr0k\src.c(1,10): fatal  error C1083: Cannot open include file: 'pthread.h': No such file or directory [C:\Dev\Students\CH19\Abish.Neelakanta\OpenGL Model Rendering\Libraries\glfw-3.3.8\build\CMakeFiles\CMakeScratch\TryCompile-g0rr0k\cmTC_136ea.vcxproj]


Source file was:
#include <pthread.h>

static void* test_func(void* data)
{
  return data;
}

int main(void)
{
  pthread_t thread;
  pthread_create(&thread, NULL, test_func, NULL);
  pthread_detach(thread);
  pthread_cancel(thread);
  pthread_join(thread, NULL);
  pthread_atfork(NULL, NULL, NULL);
  pthread_exit(NULL);

  return 0;
}


Determining if the function pthread_create exists in the pthreads failed with the following output:
Change Dir: C:/Dev/Students/CH19/Abish.Neelakanta/OpenGL Model Rendering/Libraries/glfw-3.3.8/build/CMakeFiles/CMakeScratch/TryCompile-op4a8l

Run Build Command(s):C:/Program Files/Microsoft Visual Studio/2022/Enterprise/MSBuild/Current/Bin/amd64/MSBuild.exe cmTC_6666e.vcxproj /p:Configuration=Debug /p:Platform=x64 /p:VisualStudioVersion=17.0 /v:m && MSBuild version 17.3.0+f67e3d35e for .NET Framework
  Microsoft (R) C/C++ Optimizing Compiler Version 19.33.31629 for x64
  CheckFunctionExists.c
  Copyright (C) Microsoft Corporation.  All rights reserved.
  cl /c /I"C:\Dev\Students\CH19\Abish.Neelakanta\vcpkg\installed\x64-windows\include" /Zi /W1 /WX- /diagnostics:column /Od /Ob0 /D _MBCS /D WIN32 /D _WINDOWS /D CHECK_FUNCTION_EXISTS=pthread_create /D "CMAKE_INTDIR=\"Debug\"" /Gm- /RTC1 /MDd /GS /fp:precise /Zc:wchar_t /Zc:forScope /Zc:inline /Fo"cmTC_6666e.dir\Debug\\" /Fd"cmTC_6666e.dir\Debug\vc143.pdb" /external:W1 /Gd /TC /errorReport:queue "C:\Dev\Students\CH19\Abish.Neelakanta\OpenGL Model Rendering\Libraries\glfw-3.3.8\build\CMakeFiles\CMakeScratch\TryCompile-op4a8l\CheckFunctionExists.c"
LINK : fatal error LNK1104: cannot open file 'pthreads.lib' [C:\Dev\Students\CH19\Abish.Neelakanta\OpenGL Model Rendering\Libraries\glfw-3.3.8\build\CMakeFiles\CMakeScratch\TryCompile-op4a8l\cmTC_6666e.vcxproj]



Determining if the function pthread_create exists in the pthread failed with the following output:
Change Dir: C:/Dev/Students/CH19/Abish.Neelakanta/OpenGL Model Rendering/Libraries/glfw-3.3.8/build/CMakeFiles/CMakeScratch/TryCompile-baaczq

Run Build Command(s):C:/Program Files/Microsoft Visual Studio/2022/Enterprise/MSBuild/Current/Bin/amd64/MSBuild.exe cmTC_6d505.vcxproj /p:Configuration=Debug /p:Platform=x64 /p:VisualStudioVersion=17.0 /v:m && MSBuild version 17.3.0+f67e3d35e for .NET Framework
  Microsoft (R) C/C++ Optimizing Compiler Version 19.33.31629 for x64
  Copyright (C) Microsoft Corporation.  All rights reserved.
  CheckFunctionExists.c
  cl /c /I"C:\Dev\Students\CH19\Abish.Neelakanta\vcpkg\installed\x64-windows\include" /Zi /W1 /WX- /diagnostics:column /Od /Ob0 /D _MBCS /D WIN32 /D _WINDOWS /D CHECK_FUNCTION_EXISTS=pthread_create /D "CMAKE_INTDIR=\"Debug\"" /Gm- /RTC1 /MDd /GS /fp:precise /Zc:wchar_t /Zc:forScope /Zc:inline /Fo"cmTC_6d505.dir\Debug\\" /Fd"cmTC_6d505.dir\Debug\vc143.pdb" /external:W1 /Gd /TC /errorReport:queue "C:\Dev\Students\CH19\Abish.Neelakanta\OpenGL Model Rendering\Libraries\glfw-3.3.8\build\CMakeFiles\CMakeScratch\TryCompile-baaczq\CheckFunctionExists.c"
LINK : fatal error LNK1104: cannot open file 'pthread.lib' [C:\Dev\Students\CH19\Abish.Neelakanta\OpenGL Model Rendering\Libraries\glfw-3.3.8\build\CMakeFiles\CMakeScratch\TryCompile-baaczq\cmTC_6d505.vcxproj]



